# JRE version: Java(TM) SE Runtime Environment (13.0.1+9) (build 13.0.1+9)
# Java VM: Java HotSpot(TM) 64-Bit Server VM (13.0.1+9, mixed mode, sharing, tiered, compressed oops, g1 gc, windows-amd64)
Heap:
 garbage-first heap   total 262144K, used 34811K [0x0000000701c00000, 0x0000000800000000)
  region size 1024K, 30 young (30720K), 4 survivors (4096K)
 Metaspace       used 15752K, capacity 16052K, committed 16256K, reserved 1062912K
  class space    used 2055K, capacity 2148K, committed 2176K, reserved 1048576K
GC Heap History (6 events):
Event: 0.901 GC heap before
{Heap before GC invocations=0 (full 0):
 garbage-first heap   total 262144K, used 13312K [0x0000000701c00000, 0x0000000800000000)
  region size 1024K, 14 young (14336K), 0 survivors (0K)
 Metaspace       used 4332K, capacity 5502K, committed 5760K, reserved 1056768K
  class space    used 477K, capacity 577K, committed 640K, reserved 1048576K
}
Event: 0.905 GC heap after
{Heap after GC invocations=1 (full 0):
 garbage-first heap   total 262144K, used 5740K [0x0000000701c00000, 0x0000000800000000)
  region size 1024K, 2 young (2048K), 2 survivors (2048K)
 Metaspace       used 4332K, capacity 5502K, committed 5760K, reserved 1056768K
  class space    used 477K, capacity 577K, committed 640K, reserved 1048576K
}
Event: 1.041 GC heap before
{Heap before GC invocations=1 (full 0):
 garbage-first heap   total 262144K, used 15980K [0x0000000701c00000, 0x0000000800000000)
  region size 1024K, 12 young (12288K), 2 survivors (2048K)
 Metaspace       used 5246K, capacity 6334K, committed 6528K, reserved 1056768K
  class space    used 718K, capacity 833K, committed 896K, reserved 1048576K
}
Event: 1.045 GC heap after
{Heap after GC invocations=2 (full 0):
 garbage-first heap   total 262144K, used 6153K [0x0000000701c00000, 0x0000000800000000)
  region size 1024K, 1 young (1024K), 1 survivors (1024K)
 Metaspace       used 5246K, capacity 6334K, committed 6528K, reserved 1056768K
  class space    used 718K, capacity 833K, committed 896K, reserved 1048576K
}
Event: 1.783 GC heap before
{Heap before GC invocations=2 (full 0):
 garbage-first heap   total 262144K, used 33801K [0x0000000701c00000, 0x0000000800000000)
  region size 1024K, 28 young (28672K), 1 survivors (1024K)
 Metaspace       used 11393K, capacity 11670K, committed 11904K, reserved 1058816K
  class space    used 1506K, capacity 1587K, committed 1664K, reserved 1048576K
}
Event: 1.788 GC heap after
{Heap after GC invocations=3 (full 0):
 garbage-first heap   total 262144K, used 9211K [0x0000000701c00000, 0x0000000800000000)
  region size 1024K, 4 young (4096K), 4 survivors (4096K)
 Metaspace       used 11393K, capacity 11670K, committed 11904K, reserved 1058816K
  class space    used 1506K, capacity 1587K, committed 1664K, reserved 1048576K
}

