<?xml version="1.0" encoding="UTF-8" ?>
<testsuite tests="20" failures="0" name="cucumberOptions.TestRunner" time="0.963" errors="2" skipped="17">
  <properties>
[...]
</properties>
  <testcase classname="Scenario: 1.Prueba" name="Given User is in homePage" time="0.001"/>
  <testcase classname="Scenario: 1.Prueba" name="And change language	to English" time="0.031">
    <error message="Timed out after 20 seconds waiting for element to be clickable: Proxy element for: DefaultElementLocator &apos;By.xpath: //li[@id=&apos;markets&apos;]//span[@class=&apos;ico-flag ie&apos;]&apos;
Build info: version: &apos;2.53.1&apos;, revision: &apos;a36b8b1cd5757287168e54b817830adce9b0158d&apos;, time: &apos;2016-06-30 19:26:09&apos;
System info: host: &apos;DESKTOP-PR0QEMB&apos;, ip: &apos;192.168.1.134&apos;, os.name: &apos;Windows 10&apos;, os.arch: &apos;amd64&apos;, os.version: &apos;10.0&apos;, java.version: &apos;13.0.1&apos;
Driver info: org.openqa.selenium.chrome.ChromeDriver
Capabilities [{mobileEmulationEnabled=false, timeouts={implicit=0, pageLoad=300000, script=30000}, hasTouchScreen=false, platform=XP, acceptSslCerts=false, goog:chromeOptions={debuggerAddress=localhost:60718}, acceptInsecureCerts=false, webStorageEnabled=true, browserName=chrome, takesScreenshot=true, javascriptEnabled=true, setWindowRect=true, unexpectedAlertBehaviour=ignore, applicationCacheEnabled=false, rotatable=false, networkConnectionEnabled=false, chrome={chromedriverVersion=80.0.3987.106 (f68069574609230cf9b635cd784cfb1bf81bb53a-refs/branch-heads/3987@{#882}), userDataDir=C:\WINDOWS\TEMP\scoped_dir10072_1243152405}, takesHeapSnapshot=true, pageLoadStrategy=normal, strictFileInteractability=false, databaseEnabled=false, handlesAlerts=true, version=80.0.3987.163, browserConnectionEnabled=false, proxy={}, nativeEvents=true, locationContextEnabled=true, cssSelectorsEnabled=true}]
Session ID: 6d9e7c10aa90da211a67fee44470a8f6" type="org.openqa.selenium.TimeoutException">org.openqa.selenium.TimeoutException: Timed out after 20 seconds waiting for element to be clickable: Proxy element for: DefaultElementLocator &apos;By.xpath: //li[@id=&apos;markets&apos;]//span[@class=&apos;ico-flag ie&apos;]&apos;
Build info: version: &apos;2.53.1&apos;, revision: &apos;a36b8b1cd5757287168e54b817830adce9b0158d&apos;, time: &apos;2016-06-30 19:26:09&apos;
System info: host: &apos;DESKTOP-PR0QEMB&apos;, ip: &apos;192.168.1.134&apos;, os.name: &apos;Windows 10&apos;, os.arch: &apos;amd64&apos;, os.version: &apos;10.0&apos;, java.version: &apos;13.0.1&apos;
Driver info: org.openqa.selenium.chrome.ChromeDriver
Capabilities [{mobileEmulationEnabled=false, timeouts={implicit=0, pageLoad=300000, script=30000}, hasTouchScreen=false, platform=XP, acceptSslCerts=false, goog:chromeOptions={debuggerAddress=localhost:60718}, acceptInsecureCerts=false, webStorageEnabled=true, browserName=chrome, takesScreenshot=true, javascriptEnabled=true, setWindowRect=true, unexpectedAlertBehaviour=ignore, applicationCacheEnabled=false, rotatable=false, networkConnectionEnabled=false, chrome={chromedriverVersion=80.0.3987.106 (f68069574609230cf9b635cd784cfb1bf81bb53a-refs/branch-heads/3987@{#882}), userDataDir=C:\WINDOWS\TEMP\scoped_dir10072_1243152405}, takesHeapSnapshot=true, pageLoadStrategy=normal, strictFileInteractability=false, databaseEnabled=false, handlesAlerts=true, version=80.0.3987.163, browserConnectionEnabled=false, proxy={}, nativeEvents=true, locationContextEnabled=true, cssSelectorsEnabled=true}]
Session ID: 6d9e7c10aa90da211a67fee44470a8f6
	at org.openqa.selenium.support.ui.WebDriverWait.timeoutException(WebDriverWait.java:80)
	at org.openqa.selenium.support.ui.FluentWait.until(FluentWait.java:261)
	at utilities.TestUtil.ExplicitWaitOne(TestUtil.java:23)
	at pages.HomePage.changeLanguage(HomePage.java:82)
	at stepDefinations.StepDefinitionPayments.change_language_to_English(StepDefinitionPayments.java:38)
	at ✽.And change language	to English(src/test/java/features/Payments.feature:6)
Caused by: org.openqa.selenium.NoSuchElementException: no such element: Unable to locate element: {&quot;method&quot;:&quot;xpath&quot;,&quot;selector&quot;:&quot;//li[@id=&apos;markets&apos;]//span[@class=&apos;ico-flag ie&apos;]&quot;}
  (Session info: chrome=80.0.3987.163)
  (Driver info: chromedriver=80.0.3987.106 (f68069574609230cf9b635cd784cfb1bf81bb53a-refs/branch-heads/3987@{#882}),platform=Windows NT 10.0.18363 x86_64) (WARNING: The server did not provide any stacktrace information)
Command duration or timeout: 27 milliseconds
For documentation on this error, please visit: http://seleniumhq.org/exceptions/no_such_element.html
Build info: version: &apos;2.53.1&apos;, revision: &apos;a36b8b1cd5757287168e54b817830adce9b0158d&apos;, time: &apos;2016-06-30 19:26:09&apos;
System info: host: &apos;DESKTOP-PR0QEMB&apos;, ip: &apos;192.168.1.134&apos;, os.name: &apos;Windows 10&apos;, os.arch: &apos;amd64&apos;, os.version: &apos;10.0&apos;, java.version: &apos;13.0.1&apos;
Driver info: org.openqa.selenium.chrome.ChromeDriver
Capabilities [{mobileEmulationEnabled=false, timeouts={implicit=0, pageLoad=300000, script=30000}, hasTouchScreen=false, platform=XP, acceptSslCerts=false, goog:chromeOptions={debuggerAddress=localhost:60718}, acceptInsecureCerts=false, webStorageEnabled=true, browserName=chrome, takesScreenshot=true, javascriptEnabled=true, setWindowRect=true, unexpectedAlertBehaviour=ignore, applicationCacheEnabled=false, rotatable=false, networkConnectionEnabled=false, chrome={chromedriverVersion=80.0.3987.106 (f68069574609230cf9b635cd784cfb1bf81bb53a-refs/branch-heads/3987@{#882}), userDataDir=C:\WINDOWS\TEMP\scoped_dir10072_1243152405}, takesHeapSnapshot=true, pageLoadStrategy=normal, strictFileInteractability=false, databaseEnabled=false, handlesAlerts=true, version=80.0.3987.163, browserConnectionEnabled=false, proxy={}, nativeEvents=true, locationContextEnabled=true, cssSelectorsEnabled=true}]
Session ID: 6d9e7c10aa90da211a67fee44470a8f6
*** Element info: {Using=xpath, value=//li[@id=&apos;markets&apos;]//span[@class=&apos;ico-flag ie&apos;]}
	at jdk.internal.reflect.GeneratedConstructorAccessor10.newInstance(Unknown Source)
	at java.base/jdk.internal.reflect.DelegatingConstructorAccessorImpl.newInstance(DelegatingConstructorAccessorImpl.java:45)
	at java.base/java.lang.reflect.Constructor.newInstanceWithCaller(Constructor.java:500)
	at java.base/java.lang.reflect.Constructor.newInstance(Constructor.java:481)
	at org.openqa.selenium.remote.ErrorHandler.createThrowable(ErrorHandler.java:206)
	at org.openqa.selenium.remote.ErrorHandler.throwIfResponseFailed(ErrorHandler.java:158)
	at org.openqa.selenium.remote.RemoteWebDriver.execute(RemoteWebDriver.java:678)
	at org.openqa.selenium.remote.RemoteWebDriver.findElement(RemoteWebDriver.java:363)
	at org.openqa.selenium.remote.RemoteWebDriver.findElementByXPath(RemoteWebDriver.java:500)
	at org.openqa.selenium.By$ByXPath.findElement(By.java:361)
	at org.openqa.selenium.remote.RemoteWebDriver.findElement(RemoteWebDriver.java:355)
	at org.openqa.selenium.support.pagefactory.DefaultElementLocator.findElement(DefaultElementLocator.java:69)
	at org.openqa.selenium.support.pagefactory.internal.LocatingElementHandler.invoke(LocatingElementHandler.java:38)
	at com.sun.proxy.$Proxy20.isDisplayed(Unknown Source)
	at org.openqa.selenium.support.ui.ExpectedConditions.elementIfVisible(ExpectedConditions.java:302)
	at org.openqa.selenium.support.ui.ExpectedConditions.access$100(ExpectedConditions.java:41)
	at org.openqa.selenium.support.ui.ExpectedConditions$10.apply(ExpectedConditions.java:288)
	at org.openqa.selenium.support.ui.ExpectedConditions$10.apply(ExpectedConditions.java:285)
	at org.openqa.selenium.support.ui.ExpectedConditions$23.apply(ExpectedConditions.java:687)
	at org.openqa.selenium.support.ui.ExpectedConditions$23.apply(ExpectedConditions.java:680)
	at org.openqa.selenium.support.ui.FluentWait.until(FluentWait.java:238)
	at utilities.TestUtil.ExplicitWaitOne(TestUtil.java:23)
	at pages.HomePage.changeLanguage(HomePage.java:82)
	at stepDefinations.StepDefinitionPayments.change_language_to_English(StepDefinitionPayments.java:38)
	at java.base/jdk.internal.reflect.NativeMethodAccessorImpl.invoke0(Native Method)
	at java.base/jdk.internal.reflect.NativeMethodAccessorImpl.invoke(NativeMethodAccessorImpl.java:62)
	at java.base/jdk.internal.reflect.DelegatingMethodAccessorImpl.invoke(DelegatingMethodAccessorImpl.java:43)
	at java.base/java.lang.reflect.Method.invoke(Method.java:567)
	at cucumber.runtime.Utils$1.call(Utils.java:40)
	at cucumber.runtime.Timeout.timeout(Timeout.java:16)
	at cucumber.runtime.Utils.invoke(Utils.java:34)
	at cucumber.runtime.java.JavaStepDefinition.execute(JavaStepDefinition.java:38)
	at cucumber.runtime.StepDefinitionMatch.runStep(StepDefinitionMatch.java:37)
	at cucumber.runtime.Runtime.runStep(Runtime.java:300)
	at cucumber.runtime.model.StepContainer.runStep(StepContainer.java:44)
	at cucumber.runtime.model.StepContainer.runSteps(StepContainer.java:39)
	at cucumber.runtime.model.CucumberScenario.runBackground(CucumberScenario.java:59)
	at cucumber.runtime.model.CucumberScenario.run(CucumberScenario.java:42)
	at cucumber.runtime.junit.ExecutionUnitRunner.run(ExecutionUnitRunner.java:102)
	at cucumber.runtime.junit.FeatureRunner.runChild(FeatureRunner.java:63)
	at cucumber.runtime.junit.FeatureRunner.runChild(FeatureRunner.java:18)
	at org.junit.runners.ParentRunner$3.run(ParentRunner.java:290)
	at org.junit.runners.ParentRunner$1.schedule(ParentRunner.java:71)
	at org.junit.runners.ParentRunner.runChildren(ParentRunner.java:288)
	at org.junit.runners.ParentRunner.access$000(ParentRunner.java:58)
	at org.junit.runners.ParentRunner$2.evaluate(ParentRunner.java:268)
	at org.junit.runners.ParentRunner.run(ParentRunner.java:363)
	at cucumber.runtime.junit.FeatureRunner.run(FeatureRunner.java:70)
	at cucumber.api.junit.Cucumber.runChild(Cucumber.java:95)
	at cucumber.api.junit.Cucumber.runChild(Cucumber.java:38)
	at org.junit.runners.ParentRunner$3.run(ParentRunner.java:290)
	at org.junit.runners.ParentRunner$1.schedule(ParentRunner.java:71)
	at org.junit.runners.ParentRunner.runChildren(ParentRunner.java:288)
	at org.junit.runners.ParentRunner.access$000(ParentRunner.java:58)
	at org.junit.runners.ParentRunner$2.evaluate(ParentRunner.java:268)
	at org.junit.runners.ParentRunner.run(ParentRunner.java:363)
	at cucumber.api.junit.Cucumber.run(Cucumber.java:100)
	at org.apache.maven.surefire.junit4.JUnit4Provider.execute(JUnit4Provider.java:252)
	at org.apache.maven.surefire.junit4.JUnit4Provider.executeTestSet(JUnit4Provider.java:141)
	at org.apache.maven.surefire.junit4.JUnit4Provider.invoke(JUnit4Provider.java:112)
	at java.base/jdk.internal.reflect.NativeMethodAccessorImpl.invoke0(Native Method)
	at java.base/jdk.internal.reflect.NativeMethodAccessorImpl.invoke(NativeMethodAccessorImpl.java:62)
	at java.base/jdk.internal.reflect.DelegatingMethodAccessorImpl.invoke(DelegatingMethodAccessorImpl.java:43)
	at java.base/java.lang.reflect.Method.invoke(Method.java:567)
	at org.apache.maven.surefire.util.ReflectionUtils.invokeMethodWithArray(ReflectionUtils.java:189)
	at org.apache.maven.surefire.booter.ProviderFactory$ProviderProxy.invoke(ProviderFactory.java:165)
	at org.apache.maven.surefire.booter.ProviderFactory.invokeProvider(ProviderFactory.java:85)
	at org.apache.maven.surefire.booter.ForkedBooter.runSuitesInProcess(ForkedBooter.java:115)
	at org.apache.maven.surefire.booter.ForkedBooter.main(ForkedBooter.java:75)
</error>
  </testcase>
  <testcase classname="Scenario: 1.Prueba" name="Scenario: 1.Prueba" time="0.033">
    <error message="Timed out after 20 seconds waiting for element to be clickable: Proxy element for: DefaultElementLocator &apos;By.xpath: //li[@id=&apos;markets&apos;]//span[@class=&apos;ico-flag ie&apos;]&apos;
Build info: version: &apos;2.53.1&apos;, revision: &apos;a36b8b1cd5757287168e54b817830adce9b0158d&apos;, time: &apos;2016-06-30 19:26:09&apos;
System info: host: &apos;DESKTOP-PR0QEMB&apos;, ip: &apos;192.168.1.134&apos;, os.name: &apos;Windows 10&apos;, os.arch: &apos;amd64&apos;, os.version: &apos;10.0&apos;, java.version: &apos;13.0.1&apos;
Driver info: org.openqa.selenium.chrome.ChromeDriver
Capabilities [{mobileEmulationEnabled=false, timeouts={implicit=0, pageLoad=300000, script=30000}, hasTouchScreen=false, platform=XP, acceptSslCerts=false, goog:chromeOptions={debuggerAddress=localhost:60718}, acceptInsecureCerts=false, webStorageEnabled=true, browserName=chrome, takesScreenshot=true, javascriptEnabled=true, setWindowRect=true, unexpectedAlertBehaviour=ignore, applicationCacheEnabled=false, rotatable=false, networkConnectionEnabled=false, chrome={chromedriverVersion=80.0.3987.106 (f68069574609230cf9b635cd784cfb1bf81bb53a-refs/branch-heads/3987@{#882}), userDataDir=C:\WINDOWS\TEMP\scoped_dir10072_1243152405}, takesHeapSnapshot=true, pageLoadStrategy=normal, strictFileInteractability=false, databaseEnabled=false, handlesAlerts=true, version=80.0.3987.163, browserConnectionEnabled=false, proxy={}, nativeEvents=true, locationContextEnabled=true, cssSelectorsEnabled=true}]
Session ID: 6d9e7c10aa90da211a67fee44470a8f6" type="org.openqa.selenium.TimeoutException">org.openqa.selenium.TimeoutException: Timed out after 20 seconds waiting for element to be clickable: Proxy element for: DefaultElementLocator &apos;By.xpath: //li[@id=&apos;markets&apos;]//span[@class=&apos;ico-flag ie&apos;]&apos;
Build info: version: &apos;2.53.1&apos;, revision: &apos;a36b8b1cd5757287168e54b817830adce9b0158d&apos;, time: &apos;2016-06-30 19:26:09&apos;
System info: host: &apos;DESKTOP-PR0QEMB&apos;, ip: &apos;192.168.1.134&apos;, os.name: &apos;Windows 10&apos;, os.arch: &apos;amd64&apos;, os.version: &apos;10.0&apos;, java.version: &apos;13.0.1&apos;
Driver info: org.openqa.selenium.chrome.ChromeDriver
Capabilities [{mobileEmulationEnabled=false, timeouts={implicit=0, pageLoad=300000, script=30000}, hasTouchScreen=false, platform=XP, acceptSslCerts=false, goog:chromeOptions={debuggerAddress=localhost:60718}, acceptInsecureCerts=false, webStorageEnabled=true, browserName=chrome, takesScreenshot=true, javascriptEnabled=true, setWindowRect=true, unexpectedAlertBehaviour=ignore, applicationCacheEnabled=false, rotatable=false, networkConnectionEnabled=false, chrome={chromedriverVersion=80.0.3987.106 (f68069574609230cf9b635cd784cfb1bf81bb53a-refs/branch-heads/3987@{#882}), userDataDir=C:\WINDOWS\TEMP\scoped_dir10072_1243152405}, takesHeapSnapshot=true, pageLoadStrategy=normal, strictFileInteractability=false, databaseEnabled=false, handlesAlerts=true, version=80.0.3987.163, browserConnectionEnabled=false, proxy={}, nativeEvents=true, locationContextEnabled=true, cssSelectorsEnabled=true}]
Session ID: 6d9e7c10aa90da211a67fee44470a8f6
	at org.openqa.selenium.support.ui.WebDriverWait.timeoutException(WebDriverWait.java:80)
	at org.openqa.selenium.support.ui.FluentWait.until(FluentWait.java:261)
	at utilities.TestUtil.ExplicitWaitOne(TestUtil.java:23)
	at pages.HomePage.changeLanguage(HomePage.java:82)
	at stepDefinations.StepDefinitionPayments.change_language_to_English(StepDefinitionPayments.java:38)
	at ✽.And change language	to English(src/test/java/features/Payments.feature:6)
Caused by: org.openqa.selenium.NoSuchElementException: no such element: Unable to locate element: {&quot;method&quot;:&quot;xpath&quot;,&quot;selector&quot;:&quot;//li[@id=&apos;markets&apos;]//span[@class=&apos;ico-flag ie&apos;]&quot;}
  (Session info: chrome=80.0.3987.163)
  (Driver info: chromedriver=80.0.3987.106 (f68069574609230cf9b635cd784cfb1bf81bb53a-refs/branch-heads/3987@{#882}),platform=Windows NT 10.0.18363 x86_64) (WARNING: The server did not provide any stacktrace information)
Command duration or timeout: 27 milliseconds
For documentation on this error, please visit: http://seleniumhq.org/exceptions/no_such_element.html
Build info: version: &apos;2.53.1&apos;, revision: &apos;a36b8b1cd5757287168e54b817830adce9b0158d&apos;, time: &apos;2016-06-30 19:26:09&apos;
System info: host: &apos;DESKTOP-PR0QEMB&apos;, ip: &apos;192.168.1.134&apos;, os.name: &apos;Windows 10&apos;, os.arch: &apos;amd64&apos;, os.version: &apos;10.0&apos;, java.version: &apos;13.0.1&apos;
Driver info: org.openqa.selenium.chrome.ChromeDriver
Capabilities [{mobileEmulationEnabled=false, timeouts={implicit=0, pageLoad=300000, script=30000}, hasTouchScreen=false, platform=XP, acceptSslCerts=false, goog:chromeOptions={debuggerAddress=localhost:60718}, acceptInsecureCerts=false, webStorageEnabled=true, browserName=chrome, takesScreenshot=true, javascriptEnabled=true, setWindowRect=true, unexpectedAlertBehaviour=ignore, applicationCacheEnabled=false, rotatable=false, networkConnectionEnabled=false, chrome={chromedriverVersion=80.0.3987.106 (f68069574609230cf9b635cd784cfb1bf81bb53a-refs/branch-heads/3987@{#882}), userDataDir=C:\WINDOWS\TEMP\scoped_dir10072_1243152405}, takesHeapSnapshot=true, pageLoadStrategy=normal, strictFileInteractability=false, databaseEnabled=false, handlesAlerts=true, version=80.0.3987.163, browserConnectionEnabled=false, proxy={}, nativeEvents=true, locationContextEnabled=true, cssSelectorsEnabled=true}]
Session ID: 6d9e7c10aa90da211a67fee44470a8f6
*** Element info: {Using=xpath, value=//li[@id=&apos;markets&apos;]//span[@class=&apos;ico-flag ie&apos;]}
	at jdk.internal.reflect.GeneratedConstructorAccessor10.newInstance(Unknown Source)
	at java.base/jdk.internal.reflect.DelegatingConstructorAccessorImpl.newInstance(DelegatingConstructorAccessorImpl.java:45)
	at java.base/java.lang.reflect.Constructor.newInstanceWithCaller(Constructor.java:500)
	at java.base/java.lang.reflect.Constructor.newInstance(Constructor.java:481)
	at org.openqa.selenium.remote.ErrorHandler.createThrowable(ErrorHandler.java:206)
	at org.openqa.selenium.remote.ErrorHandler.throwIfResponseFailed(ErrorHandler.java:158)
	at org.openqa.selenium.remote.RemoteWebDriver.execute(RemoteWebDriver.java:678)
	at org.openqa.selenium.remote.RemoteWebDriver.findElement(RemoteWebDriver.java:363)
	at org.openqa.selenium.remote.RemoteWebDriver.findElementByXPath(RemoteWebDriver.java:500)
	at org.openqa.selenium.By$ByXPath.findElement(By.java:361)
	at org.openqa.selenium.remote.RemoteWebDriver.findElement(RemoteWebDriver.java:355)
	at org.openqa.selenium.support.pagefactory.DefaultElementLocator.findElement(DefaultElementLocator.java:69)
	at org.openqa.selenium.support.pagefactory.internal.LocatingElementHandler.invoke(LocatingElementHandler.java:38)
	at com.sun.proxy.$Proxy20.isDisplayed(Unknown Source)
	at org.openqa.selenium.support.ui.ExpectedConditions.elementIfVisible(ExpectedConditions.java:302)
	at org.openqa.selenium.support.ui.ExpectedConditions.access$100(ExpectedConditions.java:41)
	at org.openqa.selenium.support.ui.ExpectedConditions$10.apply(ExpectedConditions.java:288)
	at org.openqa.selenium.support.ui.ExpectedConditions$10.apply(ExpectedConditions.java:285)
	at org.openqa.selenium.support.ui.ExpectedConditions$23.apply(ExpectedConditions.java:687)
	at org.openqa.selenium.support.ui.ExpectedConditions$23.apply(ExpectedConditions.java:680)
	at org.openqa.selenium.support.ui.FluentWait.until(FluentWait.java:238)
	at utilities.TestUtil.ExplicitWaitOne(TestUtil.java:23)
	at pages.HomePage.changeLanguage(HomePage.java:82)
	at stepDefinations.StepDefinitionPayments.change_language_to_English(StepDefinitionPayments.java:38)
	at java.base/jdk.internal.reflect.NativeMethodAccessorImpl.invoke0(Native Method)
	at java.base/jdk.internal.reflect.NativeMethodAccessorImpl.invoke(NativeMethodAccessorImpl.java:62)
	at java.base/jdk.internal.reflect.DelegatingMethodAccessorImpl.invoke(DelegatingMethodAccessorImpl.java:43)
	at java.base/java.lang.reflect.Method.invoke(Method.java:567)
	at cucumber.runtime.Utils$1.call(Utils.java:40)
	at cucumber.runtime.Timeout.timeout(Timeout.java:16)
	at cucumber.runtime.Utils.invoke(Utils.java:34)
	at cucumber.runtime.java.JavaStepDefinition.execute(JavaStepDefinition.java:38)
	at cucumber.runtime.StepDefinitionMatch.runStep(StepDefinitionMatch.java:37)
	at cucumber.runtime.Runtime.runStep(Runtime.java:300)
	at cucumber.runtime.model.StepContainer.runStep(StepContainer.java:44)
	at cucumber.runtime.model.StepContainer.runSteps(StepContainer.java:39)
	at cucumber.runtime.model.CucumberScenario.runBackground(CucumberScenario.java:59)
	at cucumber.runtime.model.CucumberScenario.run(CucumberScenario.java:42)
	at cucumber.runtime.junit.ExecutionUnitRunner.run(ExecutionUnitRunner.java:102)
	at cucumber.runtime.junit.FeatureRunner.runChild(FeatureRunner.java:63)
	at cucumber.runtime.junit.FeatureRunner.runChild(FeatureRunner.java:18)
	at org.junit.runners.ParentRunner$3.run(ParentRunner.java:290)
	at org.junit.runners.ParentRunner$1.schedule(ParentRunner.java:71)
	at org.junit.runners.ParentRunner.runChildren(ParentRunner.java:288)
	at org.junit.runners.ParentRunner.access$000(ParentRunner.java:58)
	at org.junit.runners.ParentRunner$2.evaluate(ParentRunner.java:268)
	at org.junit.runners.ParentRunner.run(ParentRunner.java:363)
	at cucumber.runtime.junit.FeatureRunner.run(FeatureRunner.java:70)
	at cucumber.api.junit.Cucumber.runChild(Cucumber.java:95)
	at cucumber.api.junit.Cucumber.runChild(Cucumber.java:38)
	at org.junit.runners.ParentRunner$3.run(ParentRunner.java:290)
	at org.junit.runners.ParentRunner$1.schedule(ParentRunner.java:71)
	at org.junit.runners.ParentRunner.runChildren(ParentRunner.java:288)
	at org.junit.runners.ParentRunner.access$000(ParentRunner.java:58)
	at org.junit.runners.ParentRunner$2.evaluate(ParentRunner.java:268)
	at org.junit.runners.ParentRunner.run(ParentRunner.java:363)
	at cucumber.api.junit.Cucumber.run(Cucumber.java:100)
	at org.apache.maven.surefire.junit4.JUnit4Provider.execute(JUnit4Provider.java:252)
	at org.apache.maven.surefire.junit4.JUnit4Provider.executeTestSet(JUnit4Provider.java:141)
	at org.apache.maven.surefire.junit4.JUnit4Provider.invoke(JUnit4Provider.java:112)
	at java.base/jdk.internal.reflect.NativeMethodAccessorImpl.invoke0(Native Method)
	at java.base/jdk.internal.reflect.NativeMethodAccessorImpl.invoke(NativeMethodAccessorImpl.java:62)
	at java.base/jdk.internal.reflect.DelegatingMethodAccessorImpl.invoke(DelegatingMethodAccessorImpl.java:43)
	at java.base/java.lang.reflect.Method.invoke(Method.java:567)
	at org.apache.maven.surefire.util.ReflectionUtils.invokeMethodWithArray(ReflectionUtils.java:189)
	at org.apache.maven.surefire.booter.ProviderFactory$ProviderProxy.invoke(ProviderFactory.java:165)
	at org.apache.maven.surefire.booter.ProviderFactory.invokeProvider(ProviderFactory.java:85)
	at org.apache.maven.surefire.booter.ForkedBooter.runSuitesInProcess(ForkedBooter.java:115)
	at org.apache.maven.surefire.booter.ForkedBooter.main(ForkedBooter.java:75)
</error>
  </testcase>
  <testcase classname="Scenario: 1.Prueba" name="And i login" time="0.033">
    <skipped/>
  </testcase>
  <testcase classname="Scenario: 1.Prueba" name="Given i make a booking from &quot;DUB&quot; to &quot;SXF&quot; on &quot;22/10/2019&quot; for &quot;2&quot; adults and &quot;1&quot; child" time="0.048">
    <skipped/>
    <system-out>
  Background: User is in homePage and set language # src/test/java/features/Payments.feature:3
    Given User is in homePage                      # StepDefinitionPayments.user_is_in_homePage()
    And change language	to English                 # StepDefinitionPayments.change_language_to_English()
      org.openqa.selenium.TimeoutException: Timed out after 20 seconds waiting for element to be clickable: Proxy element for: DefaultElementLocator &apos;By.xpath: //li[@id=&apos;markets&apos;]//span[@class=&apos;ico-flag ie&apos;]&apos;
      Build info: version: &apos;2.53.1&apos;, revision: &apos;a36b8b1cd5757287168e54b817830adce9b0158d&apos;, time: &apos;2016-06-30 19:26:09&apos;
      System info: host: &apos;DESKTOP-PR0QEMB&apos;, ip: &apos;192.168.1.134&apos;, os.name: &apos;Windows 10&apos;, os.arch: &apos;amd64&apos;, os.version: &apos;10.0&apos;, java.version: &apos;13.0.1&apos;
      Driver info: org.openqa.selenium.chrome.ChromeDriver
      Capabilities [{mobileEmulationEnabled=false, timeouts={implicit=0, pageLoad=300000, script=30000}, hasTouchScreen=false, platform=XP, acceptSslCerts=false, goog:chromeOptions={debuggerAddress=localhost:60718}, acceptInsecureCerts=false, webStorageEnabled=true, browserName=chrome, takesScreenshot=true, javascriptEnabled=true, setWindowRect=true, unexpectedAlertBehaviour=ignore, applicationCacheEnabled=false, rotatable=false, networkConnectionEnabled=false, chrome={chromedriverVersion=80.0.3987.106 (f68069574609230cf9b635cd784cfb1bf81bb53a-refs/branch-heads/3987@{#882}), userDataDir=C:\WINDOWS\TEMP\scoped_dir10072_1243152405}, takesHeapSnapshot=true, pageLoadStrategy=normal, strictFileInteractability=false, databaseEnabled=false, handlesAlerts=true, version=80.0.3987.163, browserConnectionEnabled=false, proxy={}, nativeEvents=true, locationContextEnabled=true, cssSelectorsEnabled=true}]
      Session ID: 6d9e7c10aa90da211a67fee44470a8f6
      	at org.openqa.selenium.support.ui.WebDriverWait.timeoutException(WebDriverWait.java:80)
      	at org.openqa.selenium.support.ui.FluentWait.until(FluentWait.java:261)
      	at utilities.TestUtil.ExplicitWaitOne(TestUtil.java:23)
      	at pages.HomePage.changeLanguage(HomePage.java:82)
      	at stepDefinations.StepDefinitionPayments.change_language_to_English(StepDefinitionPayments.java:38)
      	at ?.And change language	to English(src/test/java/features/Payments.feature:6)
      Caused by: org.openqa.selenium.NoSuchElementException: no such element: Unable to locate element: {&quot;method&quot;:&quot;xpath&quot;,&quot;selector&quot;:&quot;//li[@id=&apos;markets&apos;]//span[@class=&apos;ico-flag ie&apos;]&quot;}
        (Session info: chrome=80.0.3987.163)
        (Driver info: chromedriver=80.0.3987.106 (f68069574609230cf9b635cd784cfb1bf81bb53a-refs/branch-heads/3987@{#882}),platform=Windows NT 10.0.18363 x86_64) (WARNING: The server did not provide any stacktrace information)
      Command duration or timeout: 27 milliseconds
      For documentation on this error, please visit: http://seleniumhq.org/exceptions/no_such_element.html
      Build info: version: &apos;2.53.1&apos;, revision: &apos;a36b8b1cd5757287168e54b817830adce9b0158d&apos;, time: &apos;2016-06-30 19:26:09&apos;
      System info: host: &apos;DESKTOP-PR0QEMB&apos;, ip: &apos;192.168.1.134&apos;, os.name: &apos;Windows 10&apos;, os.arch: &apos;amd64&apos;, os.version: &apos;10.0&apos;, java.version: &apos;13.0.1&apos;
      Driver info: org.openqa.selenium.chrome.ChromeDriver
      Capabilities [{mobileEmulationEnabled=false, timeouts={implicit=0, pageLoad=300000, script=30000}, hasTouchScreen=false, platform=XP, acceptSslCerts=false, goog:chromeOptions={debuggerAddress=localhost:60718}, acceptInsecureCerts=false, webStorageEnabled=true, browserName=chrome, takesScreenshot=true, javascriptEnabled=true, setWindowRect=true, unexpectedAlertBehaviour=ignore, applicationCacheEnabled=false, rotatable=false, networkConnectionEnabled=false, chrome={chromedriverVersion=80.0.3987.106 (f68069574609230cf9b635cd784cfb1bf81bb53a-refs/branch-heads/3987@{#882}), userDataDir=C:\WINDOWS\TEMP\scoped_dir10072_1243152405}, takesHeapSnapshot=true, pageLoadStrategy=normal, strictFileInteractability=false, databaseEnabled=false, handlesAlerts=true, version=80.0.3987.163, browserConnectionEnabled=false, proxy={}, nativeEvents=true, locationContextEnabled=true, cssSelectorsEnabled=true}]
      Session ID: 6d9e7c10aa90da211a67fee44470a8f6
      *** Element info: {Using=xpath, value=//li[@id=&apos;markets&apos;]//span[@class=&apos;ico-flag ie&apos;]}
      	at jdk.internal.reflect.GeneratedConstructorAccessor10.newInstance(Unknown Source)
      	at java.base/jdk.internal.reflect.DelegatingConstructorAccessorImpl.newInstance(DelegatingConstructorAccessorImpl.java:45)
      	at java.base/java.lang.reflect.Constructor.newInstanceWithCaller(Constructor.java:500)
      	at java.base/java.lang.reflect.Constructor.newInstance(Constructor.java:481)
      	at org.openqa.selenium.remote.ErrorHandler.createThrowable(ErrorHandler.java:206)
      	at org.openqa.selenium.remote.ErrorHandler.throwIfResponseFailed(ErrorHandler.java:158)
      	at org.openqa.selenium.remote.RemoteWebDriver.execute(RemoteWebDriver.java:678)
      	at org.openqa.selenium.remote.RemoteWebDriver.findElement(RemoteWebDriver.java:363)
      	at org.openqa.selenium.remote.RemoteWebDriver.findElementByXPath(RemoteWebDriver.java:500)
      	at org.openqa.selenium.By$ByXPath.findElement(By.java:361)
      	at org.openqa.selenium.remote.RemoteWebDriver.findElement(RemoteWebDriver.java:355)
      	at org.openqa.selenium.support.pagefactory.DefaultElementLocator.findElement(DefaultElementLocator.java:69)
      	at org.openqa.selenium.support.pagefactory.internal.LocatingElementHandler.invoke(LocatingElementHandler.java:38)
      	at com.sun.proxy.$Proxy20.isDisplayed(Unknown Source)
      	at org.openqa.selenium.support.ui.ExpectedConditions.elementIfVisible(ExpectedConditions.java:302)
      	at org.openqa.selenium.support.ui.ExpectedConditions.access$100(ExpectedConditions.java:41)
      	at org.openqa.selenium.support.ui.ExpectedConditions$10.apply(ExpectedConditions.java:288)
      	at org.openqa.selenium.support.ui.ExpectedConditions$10.apply(ExpectedConditions.java:285)
      	at org.openqa.selenium.support.ui.ExpectedConditions$23.apply(ExpectedConditions.java:687)
      	at org.openqa.selenium.support.ui.ExpectedConditions$23.apply(ExpectedConditions.java:680)
      	at org.openqa.selenium.support.ui.FluentWait.until(FluentWait.java:238)
      	at utilities.TestUtil.ExplicitWaitOne(TestUtil.java:23)
      	at pages.HomePage.changeLanguage(HomePage.java:82)
      	at stepDefinations.StepDefinitionPayments.change_language_to_English(StepDefinitionPayments.java:38)
      	at java.base/jdk.internal.reflect.NativeMethodAccessorImpl.invoke0(Native Method)
      	at java.base/jdk.internal.reflect.NativeMethodAccessorImpl.invoke(NativeMethodAccessorImpl.java:62)
      	at java.base/jdk.internal.reflect.DelegatingMethodAccessorImpl.invoke(DelegatingMethodAccessorImpl.java:43)
      	at java.base/java.lang.reflect.Method.invoke(Method.java:567)
      	at cucumber.runtime.Utils$1.call(Utils.java:40)
      	at cucumber.runtime.Timeout.timeout(Timeout.java:16)
      	at cucumber.runtime.Utils.invoke(Utils.java:34)
      	at cucumber.runtime.java.JavaStepDefinition.execute(JavaStepDefinition.java:38)
      	at cucumber.runtime.StepDefinitionMatch.runStep(StepDefinitionMatch.java:37)
      	at cucumber.runtime.Runtime.runStep(Runtime.java:300)
      	at cucumber.runtime.model.StepContainer.runStep(StepContainer.java:44)
      	at cucumber.runtime.model.StepContainer.runSteps(StepContainer.java:39)
      	at cucumber.runtime.model.CucumberScenario.runBackground(CucumberScenario.java:59)
      	at cucumber.runtime.model.CucumberScenario.run(CucumberScenario.java:42)
      	at cucumber.runtime.junit.ExecutionUnitRunner.run(ExecutionUnitRunner.java:102)
      	at cucumber.runtime.junit.FeatureRunner.runChild(FeatureRunner.java:63)
      	at cucumber.runtime.junit.FeatureRunner.runChild(FeatureRunner.java:18)
      	at org.junit.runners.ParentRunner$3.run(ParentRunner.java:290)
      	at org.junit.runners.ParentRunner$1.schedule(ParentRunner.java:71)
      	at org.junit.runners.ParentRunner.runChildren(ParentRunner.java:288)
      	at org.junit.runners.ParentRunner.access$000(ParentRunner.java:58)
      	at org.junit.runners.ParentRunner$2.evaluate(ParentRunner.java:268)
      	at org.junit.runners.ParentRunner.run(ParentRunner.java:363)
      	at cucumber.runtime.junit.FeatureRunner.run(FeatureRunner.java:70)
      	at cucumber.api.junit.Cucumber.runChild(Cucumber.java:95)
      	at cucumber.api.junit.Cucumber.runChild(Cucumber.java:38)
      	at org.junit.runners.ParentRunner$3.run(ParentRunner.java:290)
      	at org.junit.runners.ParentRunner$1.schedule(ParentRunner.java:71)
      	at org.junit.runners.ParentRunner.runChildren(ParentRunner.java:288)
      	at org.junit.runners.ParentRunner.access$000(ParentRunner.java:58)
      	at org.junit.runners.ParentRunner$2.evaluate(ParentRunner.java:268)
      	at org.junit.runners.ParentRunner.run(ParentRunner.java:363)
      	at cucumber.api.junit.Cucumber.run(Cucumber.java:100)
      	at org.apache.maven.surefire.junit4.JUnit4Provider.execute(JUnit4Provider.java:252)
      	at org.apache.maven.surefire.junit4.JUnit4Provider.executeTestSet(JUnit4Provider.java:141)
      	at org.apache.maven.surefire.junit4.JUnit4Provider.invoke(JUnit4Provider.java:112)
      	at java.base/jdk.internal.reflect.NativeMethodAccessorImpl.invoke0(Native Method)
      	at java.base/jdk.internal.reflect.NativeMethodAccessorImpl.invoke(NativeMethodAccessorImpl.java:62)
      	at java.base/jdk.internal.reflect.DelegatingMethodAccessorImpl.invoke(DelegatingMethodAccessorImpl.java:43)
      	at java.base/java.lang.reflect.Method.invoke(Method.java:567)
      	at org.apache.maven.surefire.util.ReflectionUtils.invokeMethodWithArray(ReflectionUtils.java:189)
      	at org.apache.maven.surefire.booter.ProviderFactory$ProviderProxy.invoke(ProviderFactory.java:165)
      	at org.apache.maven.surefire.booter.ProviderFactory.invokeProvider(ProviderFactory.java:85)
      	at org.apache.maven.surefire.booter.ForkedBooter.runSuitesInProcess(ForkedBooter.java:115)
      	at org.apache.maven.surefire.booter.ForkedBooter.main(ForkedBooter.java:75)

    And i login                                    # StepDefinitionPayments.i_login()
</system-out>
  </testcase>
  <testcase classname="Scenario: 1.Prueba" name="And tap on Website terms and on Let´s go" time="0.048">
    <skipped/>
  </testcase>
  <testcase classname="Scenario: 1.Prueba" name="When i tap on first choice fly, plus option and tap on Continue Btn" time="0.049">
    <skipped/>
  </testcase>
  <testcase classname="Scenario: 1.Prueba" name="Then seats selection is loaded" time="0.049">
    <skipped/>
  </testcase>
  <testcase classname="Scenario: 1.Prueba" name="And tap on &apos;Ok, Got it&apos; Btn" time="0.049">
    <skipped/>
  </testcase>
  <testcase classname="Scenario: 1.Prueba" name="And select seats and confirm" time="0.05">
    <skipped/>
  </testcase>
  <testcase classname="Scenario: 1.Prueba" name="When i tap on &apos;Check out&apos; Btn" time="0.052">
    <skipped/>
  </testcase>
  <testcase classname="Scenario: 1.Prueba" name="Then &apos;payment page&apos; is launched" time="0.053">
    <skipped/>
  </testcase>
  <testcase classname="Scenario: 1.Prueba" name="When I send passengers1 data &quot;Eduardo&quot; and &quot;Gonzalez&quot;" time="0.053">
    <skipped/>
  </testcase>
  <testcase classname="Scenario: 1.Prueba" name="And I send passengers2 data &quot;Patricio&quot; and &quot;Gonzalez&quot;" time="0.056">
    <skipped/>
  </testcase>
  <testcase classname="Scenario: 1.Prueba" name="And I send passengers3 data &quot;Rodolfo&quot; and &quot;Langostino&quot;" time="0.057">
    <skipped/>
  </testcase>
  <testcase classname="Scenario: 1.Prueba" name="And I add insurance" time="0.058">
    <skipped/>
  </testcase>
  <testcase classname="Scenario: 1.Prueba" name="And I send telephone &quot;666666666&quot;" time="0.059">
    <skipped/>
  </testcase>
  <testcase classname="Scenario: 1.Prueba" name="And I pay for booking with card details &quot;5555555555555557&quot; , &quot;10/2019&quot; , &quot;265&quot; and &quot;Eduardo Gonzalez&quot;" time="0.06">
    <skipped/>
  </testcase>
  <testcase classname="Scenario: 1.Prueba" name="And I send billing address &quot;Street La Esquina&quot;, &quot;Madrid&quot; , &quot;23456&quot; , &quot;Spain&quot; and tap on PayNow Btn" time="0.061">
    <skipped/>
  </testcase>
  <testcase classname="Scenario: 1.Prueba" name="Then card error message appears" time="0.063">
    <skipped/>
  </testcase>
</testsuite>